[2018-01-18T09:54:52.276] [ERROR] errorLogger - 
*************** error log start ***************
request method: GET
request originalUrl:  /
request client ip:  ::1
request query:  {}
response time: 3474
err name: Error
err message: next() called multiple times
err stack: Error: next() called multiple times
    at dispatch (D:\frontendworks\AMC\node_modules\koa-compose\index.js:36:45)
    at next (D:\frontendworks\AMC\node_modules\koa-compose\index.js:43:18)
    at app.use (D:\frontendworks\AMC\app.js:40:15)
    at <anonymous>
*************** error log end ***************

[2018-01-18T09:54:52.595] [ERROR] errorLogger - 
*************** error log start ***************
request method: GET
request originalUrl:  /favicon.ico
request client ip:  ::1
request query:  {}
response time: 1
err name: Error
err message: next() called multiple times
err stack: Error: next() called multiple times
    at dispatch (D:\frontendworks\AMC\node_modules\koa-compose\index.js:36:45)
    at next (D:\frontendworks\AMC\node_modules\koa-compose\index.js:43:18)
    at app.use (D:\frontendworks\AMC\app.js:40:15)
    at <anonymous>
*************** error log end ***************

[2018-01-18T09:54:58.926] [ERROR] errorLogger - 
*************** error log start ***************
request method: GET
request originalUrl:  /
request client ip:  ::1
request query:  {}
response time: 18
err name: Error
err message: next() called multiple times
err stack: Error: next() called multiple times
    at dispatch (D:\frontendworks\AMC\node_modules\koa-compose\index.js:36:45)
    at next (D:\frontendworks\AMC\node_modules\koa-compose\index.js:43:18)
    at app.use (D:\frontendworks\AMC\app.js:40:15)
    at <anonymous>
*************** error log end ***************

[2018-01-18T09:54:59.145] [ERROR] errorLogger - 
*************** error log start ***************
request method: GET
request originalUrl:  /favicon.ico
request client ip:  ::1
request query:  {}
response time: 0
err name: Error
err message: next() called multiple times
err stack: Error: next() called multiple times
    at dispatch (D:\frontendworks\AMC\node_modules\koa-compose\index.js:36:45)
    at next (D:\frontendworks\AMC\node_modules\koa-compose\index.js:43:18)
    at app.use (D:\frontendworks\AMC\app.js:40:15)
    at <anonymous>
*************** error log end ***************

[2018-01-18T09:55:31.656] [ERROR] errorLogger - 
*************** error log start ***************
request method: GET
request originalUrl:  /
request client ip:  ::1
request query:  {}
response time: 14
err name: Error
err message: next() called multiple times
err stack: Error: next() called multiple times
    at dispatch (D:\frontendworks\AMC\node_modules\koa-compose\index.js:36:45)
    at next (D:\frontendworks\AMC\node_modules\koa-compose\index.js:43:18)
    at app.use (D:\frontendworks\AMC\app.js:40:15)
    at <anonymous>
*************** error log end ***************

[2018-01-18T09:55:31.914] [ERROR] errorLogger - 
*************** error log start ***************
request method: GET
request originalUrl:  /favicon.ico
request client ip:  ::1
request query:  {}
response time: 0
err name: Error
err message: next() called multiple times
err stack: Error: next() called multiple times
    at dispatch (D:\frontendworks\AMC\node_modules\koa-compose\index.js:36:45)
    at next (D:\frontendworks\AMC\node_modules\koa-compose\index.js:43:18)
    at app.use (D:\frontendworks\AMC\app.js:40:15)
    at <anonymous>
*************** error log end ***************

[2018-01-18T09:55:32.317] [ERROR] errorLogger - 
*************** error log start ***************
request method: GET
request originalUrl:  /
request client ip:  ::1
request query:  {}
response time: 13
err name: Error
err message: next() called multiple times
err stack: Error: next() called multiple times
    at dispatch (D:\frontendworks\AMC\node_modules\koa-compose\index.js:36:45)
    at next (D:\frontendworks\AMC\node_modules\koa-compose\index.js:43:18)
    at app.use (D:\frontendworks\AMC\app.js:40:15)
    at <anonymous>
*************** error log end ***************

[2018-01-18T09:55:32.486] [ERROR] errorLogger - 
*************** error log start ***************
request method: GET
request originalUrl:  /favicon.ico
request client ip:  ::1
request query:  {}
response time: 0
err name: Error
err message: next() called multiple times
err stack: Error: next() called multiple times
    at dispatch (D:\frontendworks\AMC\node_modules\koa-compose\index.js:36:45)
    at next (D:\frontendworks\AMC\node_modules\koa-compose\index.js:43:18)
    at app.use (D:\frontendworks\AMC\app.js:40:15)
    at <anonymous>
*************** error log end ***************

[2018-01-18T09:55:32.723] [ERROR] errorLogger - 
*************** error log start ***************
request method: GET
request originalUrl:  /
request client ip:  ::1
request query:  {}
response time: 19
err name: Error
err message: next() called multiple times
err stack: Error: next() called multiple times
    at dispatch (D:\frontendworks\AMC\node_modules\koa-compose\index.js:36:45)
    at next (D:\frontendworks\AMC\node_modules\koa-compose\index.js:43:18)
    at app.use (D:\frontendworks\AMC\app.js:40:15)
    at <anonymous>
*************** error log end ***************

[2018-01-18T09:55:32.871] [ERROR] errorLogger - 
*************** error log start ***************
request method: GET
request originalUrl:  /favicon.ico
request client ip:  ::1
request query:  {}
response time: 0
err name: Error
err message: next() called multiple times
err stack: Error: next() called multiple times
    at dispatch (D:\frontendworks\AMC\node_modules\koa-compose\index.js:36:45)
    at next (D:\frontendworks\AMC\node_modules\koa-compose\index.js:43:18)
    at app.use (D:\frontendworks\AMC\app.js:40:15)
    at <anonymous>
*************** error log end ***************

[2018-01-18T09:55:32.892] [ERROR] errorLogger - 
*************** error log start ***************
request method: GET
request originalUrl:  /
request client ip:  ::1
request query:  {}
response time: 11
err name: Error
err message: next() called multiple times
err stack: Error: next() called multiple times
    at dispatch (D:\frontendworks\AMC\node_modules\koa-compose\index.js:36:45)
    at next (D:\frontendworks\AMC\node_modules\koa-compose\index.js:43:18)
    at app.use (D:\frontendworks\AMC\app.js:40:15)
    at <anonymous>
*************** error log end ***************

[2018-01-18T09:55:33.055] [ERROR] errorLogger - 
*************** error log start ***************
request method: GET
request originalUrl:  /favicon.ico
request client ip:  ::1
request query:  {}
response time: 0
err name: Error
err message: next() called multiple times
err stack: Error: next() called multiple times
    at dispatch (D:\frontendworks\AMC\node_modules\koa-compose\index.js:36:45)
    at next (D:\frontendworks\AMC\node_modules\koa-compose\index.js:43:18)
    at app.use (D:\frontendworks\AMC\app.js:40:15)
    at <anonymous>
*************** error log end ***************

[2018-01-18T09:59:11.139] [ERROR] errorLogger - 
*************** error log start ***************
request method: GET
request originalUrl:  /
request client ip:  ::1
request query:  {}
response time: 13
err name: Error
err message: next() called multiple times
err stack: Error: next() called multiple times
    at dispatch (D:\frontendworks\AMC\node_modules\koa-compose\index.js:36:45)
    at next (D:\frontendworks\AMC\node_modules\koa-compose\index.js:43:18)
    at app.use (D:\frontendworks\AMC\app.js:40:15)
    at <anonymous>
*************** error log end ***************

[2018-01-18T09:59:11.382] [ERROR] errorLogger - 
*************** error log start ***************
request method: GET
request originalUrl:  /favicon.ico
request client ip:  ::1
request query:  {}
response time: 0
err name: Error
err message: next() called multiple times
err stack: Error: next() called multiple times
    at dispatch (D:\frontendworks\AMC\node_modules\koa-compose\index.js:36:45)
    at next (D:\frontendworks\AMC\node_modules\koa-compose\index.js:43:18)
    at app.use (D:\frontendworks\AMC\app.js:40:15)
    at <anonymous>
*************** error log end ***************

[2018-01-18T09:59:31.359] [ERROR] errorLogger - 
*************** error log start ***************
request method: GET
request originalUrl:  /
request client ip:  ::1
request query:  {}
response time: 371
err name: Error
err message: next() called multiple times
err stack: Error: next() called multiple times
    at dispatch (D:\frontendworks\AMC\node_modules\koa-compose\index.js:36:45)
    at next (D:\frontendworks\AMC\node_modules\koa-compose\index.js:43:18)
    at app.use (D:\frontendworks\AMC\app.js:40:15)
    at <anonymous>
*************** error log end ***************

[2018-01-18T09:59:31.458] [ERROR] errorLogger - 
*************** error log start ***************
request method: GET
request originalUrl:  /
request client ip:  ::1
request query:  {}
response time: 14
err name: Error
err message: next() called multiple times
err stack: Error: next() called multiple times
    at dispatch (D:\frontendworks\AMC\node_modules\koa-compose\index.js:36:45)
    at next (D:\frontendworks\AMC\node_modules\koa-compose\index.js:43:18)
    at app.use (D:\frontendworks\AMC\app.js:40:15)
    at <anonymous>
*************** error log end ***************

[2018-01-18T09:59:31.732] [ERROR] errorLogger - 
*************** error log start ***************
request method: GET
request originalUrl:  /favicon.ico
request client ip:  ::1
request query:  {}
response time: 0
err name: Error
err message: next() called multiple times
err stack: Error: next() called multiple times
    at dispatch (D:\frontendworks\AMC\node_modules\koa-compose\index.js:36:45)
    at next (D:\frontendworks\AMC\node_modules\koa-compose\index.js:43:18)
    at app.use (D:\frontendworks\AMC\app.js:40:15)
    at <anonymous>
*************** error log end ***************

[2018-01-18T09:59:32.114] [ERROR] errorLogger - 
*************** error log start ***************
request method: GET
request originalUrl:  /
request client ip:  ::1
request query:  {}
response time: 10
err name: Error
err message: next() called multiple times
err stack: Error: next() called multiple times
    at dispatch (D:\frontendworks\AMC\node_modules\koa-compose\index.js:36:45)
    at next (D:\frontendworks\AMC\node_modules\koa-compose\index.js:43:18)
    at app.use (D:\frontendworks\AMC\app.js:40:15)
    at <anonymous>
*************** error log end ***************

[2018-01-18T09:59:32.251] [ERROR] errorLogger - 
*************** error log start ***************
request method: GET
request originalUrl:  /favicon.ico
request client ip:  ::1
request query:  {}
response time: 0
err name: Error
err message: next() called multiple times
err stack: Error: next() called multiple times
    at dispatch (D:\frontendworks\AMC\node_modules\koa-compose\index.js:36:45)
    at next (D:\frontendworks\AMC\node_modules\koa-compose\index.js:43:18)
    at app.use (D:\frontendworks\AMC\app.js:40:15)
    at <anonymous>
*************** error log end ***************

[2018-01-18T10:00:35.187] [ERROR] errorLogger - 
*************** error log start ***************
request method: GET
request originalUrl:  /
request client ip:  ::1
request query:  {}
response time: 715
err name: Error
err message: next() called multiple times
err stack: Error: next() called multiple times
    at dispatch (D:\frontendworks\AMC\node_modules\koa-compose\index.js:36:45)
    at next (D:\frontendworks\AMC\node_modules\koa-compose\index.js:43:18)
    at app.use (D:\frontendworks\AMC\app.js:40:15)
    at <anonymous>
*************** error log end ***************

[2018-01-18T10:00:35.495] [ERROR] errorLogger - 
*************** error log start ***************
request method: GET
request originalUrl:  /favicon.ico
request client ip:  ::1
request query:  {}
response time: 0
err name: Error
err message: next() called multiple times
err stack: Error: next() called multiple times
    at dispatch (D:\frontendworks\AMC\node_modules\koa-compose\index.js:36:45)
    at next (D:\frontendworks\AMC\node_modules\koa-compose\index.js:43:18)
    at app.use (D:\frontendworks\AMC\app.js:40:15)
    at <anonymous>
*************** error log end ***************

[2018-01-18T10:00:35.619] [ERROR] errorLogger - 
*************** error log start ***************
request method: GET
request originalUrl:  /
request client ip:  ::1
request query:  {}
response time: 13
err name: Error
err message: next() called multiple times
err stack: Error: next() called multiple times
    at dispatch (D:\frontendworks\AMC\node_modules\koa-compose\index.js:36:45)
    at next (D:\frontendworks\AMC\node_modules\koa-compose\index.js:43:18)
    at app.use (D:\frontendworks\AMC\app.js:40:15)
    at <anonymous>
*************** error log end ***************

[2018-01-18T10:00:44.536] [ERROR] errorLogger - 
*************** error log start ***************
request method: GET
request originalUrl:  /
request client ip:  ::1
request query:  {}
response time: 22
err name: Error
err message: next() called multiple times
err stack: Error: next() called multiple times
    at dispatch (D:\frontendworks\AMC\node_modules\koa-compose\index.js:36:45)
    at next (D:\frontendworks\AMC\node_modules\koa-compose\index.js:43:18)
    at app.use (D:\frontendworks\AMC\app.js:40:15)
    at <anonymous>
*************** error log end ***************

[2018-01-18T10:01:03.229] [ERROR] errorLogger - 
*************** error log start ***************
request method: GET
request originalUrl:  /
request client ip:  ::1
request query:  {}
response time: 323
err name: Error
err message: next() called multiple times
err stack: Error: next() called multiple times
    at dispatch (D:\frontendworks\AMC\node_modules\koa-compose\index.js:36:45)
    at next (D:\frontendworks\AMC\node_modules\koa-compose\index.js:43:18)
    at app.use (D:\frontendworks\AMC\app.js:39:15)
    at <anonymous>
*************** error log end ***************

[2018-01-18T10:01:03.999] [ERROR] errorLogger - 
*************** error log start ***************
request method: GET
request originalUrl:  /
request client ip:  ::1
request query:  {}
response time: 16
err name: Error
err message: next() called multiple times
err stack: Error: next() called multiple times
    at dispatch (D:\frontendworks\AMC\node_modules\koa-compose\index.js:36:45)
    at next (D:\frontendworks\AMC\node_modules\koa-compose\index.js:43:18)
    at app.use (D:\frontendworks\AMC\app.js:39:15)
    at <anonymous>
*************** error log end ***************

[2018-01-18T10:01:04.721] [ERROR] errorLogger - 
*************** error log start ***************
request method: GET
request originalUrl:  /
request client ip:  ::1
request query:  {}
response time: 10
err name: Error
err message: next() called multiple times
err stack: Error: next() called multiple times
    at dispatch (D:\frontendworks\AMC\node_modules\koa-compose\index.js:36:45)
    at next (D:\frontendworks\AMC\node_modules\koa-compose\index.js:43:18)
    at app.use (D:\frontendworks\AMC\app.js:39:15)
    at <anonymous>
*************** error log end ***************

[2018-01-18T10:01:08.074] [ERROR] errorLogger - 
*************** error log start ***************
request method: GET
request originalUrl:  /
request client ip:  ::1
request query:  {}
response time: 9
err name: Error
err message: next() called multiple times
err stack: Error: next() called multiple times
    at dispatch (D:\frontendworks\AMC\node_modules\koa-compose\index.js:36:45)
    at next (D:\frontendworks\AMC\node_modules\koa-compose\index.js:43:18)
    at app.use (D:\frontendworks\AMC\app.js:39:15)
    at <anonymous>
*************** error log end ***************

[2018-01-18T10:01:08.225] [ERROR] errorLogger - 
*************** error log start ***************
request method: GET
request originalUrl:  /favicon.ico
request client ip:  ::1
request query:  {}
response time: 0
err name: Error
err message: next() called multiple times
err stack: Error: next() called multiple times
    at dispatch (D:\frontendworks\AMC\node_modules\koa-compose\index.js:36:45)
    at next (D:\frontendworks\AMC\node_modules\koa-compose\index.js:43:18)
    at app.use (D:\frontendworks\AMC\app.js:39:15)
    at <anonymous>
*************** error log end ***************

[2018-01-18T10:01:11.263] [ERROR] errorLogger - 
*************** error log start ***************
request method: GET
request originalUrl:  /api/users/getUser
request client ip:  ::1
request query:  {}
response time: 0
err name: Error
err message: next() called multiple times
err stack: Error: next() called multiple times
    at dispatch (D:\frontendworks\AMC\node_modules\koa-compose\index.js:36:45)
    at next (D:\frontendworks\AMC\node_modules\koa-compose\index.js:43:18)
    at app.use (D:\frontendworks\AMC\app.js:39:15)
    at <anonymous>
*************** error log end ***************

[2018-01-18T10:01:11.432] [ERROR] errorLogger - 
*************** error log start ***************
request method: GET
request originalUrl:  /favicon.ico
request client ip:  ::1
request query:  {}
response time: 1
err name: Error
err message: next() called multiple times
err stack: Error: next() called multiple times
    at dispatch (D:\frontendworks\AMC\node_modules\koa-compose\index.js:36:45)
    at next (D:\frontendworks\AMC\node_modules\koa-compose\index.js:43:18)
    at app.use (D:\frontendworks\AMC\app.js:39:15)
    at <anonymous>
*************** error log end ***************

[2018-01-18T10:01:30.049] [ERROR] errorLogger - 
*************** error log start ***************
request method: GET
request originalUrl:  /api/users/getUser
request client ip:  ::1
request query:  {}
response time: 3
err name: Error
err message: next() called multiple times
err stack: Error: next() called multiple times
    at dispatch (D:\frontendworks\AMC\node_modules\koa-compose\index.js:36:45)
    at next (D:\frontendworks\AMC\node_modules\koa-compose\index.js:43:18)
    at app.use (D:\frontendworks\AMC\app.js:39:15)
    at <anonymous>
*************** error log end ***************

[2018-01-18T10:01:30.290] [ERROR] errorLogger - 
*************** error log start ***************
request method: GET
request originalUrl:  /favicon.ico
request client ip:  ::1
request query:  {}
response time: 0
err name: Error
err message: next() called multiple times
err stack: Error: next() called multiple times
    at dispatch (D:\frontendworks\AMC\node_modules\koa-compose\index.js:36:45)
    at next (D:\frontendworks\AMC\node_modules\koa-compose\index.js:43:18)
    at app.use (D:\frontendworks\AMC\app.js:39:15)
    at <anonymous>
*************** error log end ***************

[2018-01-18T10:01:32.019] [ERROR] errorLogger - 
*************** error log start ***************
request method: GET
request originalUrl:  /
request client ip:  ::1
request query:  {}
response time: 359
err name: Error
err message: next() called multiple times
err stack: Error: next() called multiple times
    at dispatch (D:\frontendworks\AMC\node_modules\koa-compose\index.js:36:45)
    at next (D:\frontendworks\AMC\node_modules\koa-compose\index.js:43:18)
    at app.use (D:\frontendworks\AMC\app.js:39:15)
    at <anonymous>
*************** error log end ***************

[2018-01-18T10:01:32.197] [ERROR] errorLogger - 
*************** error log start ***************
request method: GET
request originalUrl:  /favicon.ico
request client ip:  ::1
request query:  {}
response time: 0
err name: Error
err message: next() called multiple times
err stack: Error: next() called multiple times
    at dispatch (D:\frontendworks\AMC\node_modules\koa-compose\index.js:36:45)
    at next (D:\frontendworks\AMC\node_modules\koa-compose\index.js:43:18)
    at app.use (D:\frontendworks\AMC\app.js:39:15)
    at <anonymous>
*************** error log end ***************

[2018-01-18T10:33:29.084] [ERROR] errorLogger - 
*************** error log start ***************
request method: GET
request originalUrl:  /
request client ip:  ::ffff:127.0.0.1
request query:  {}
response time: 25
err name: Error
err message: next() called multiple times
err stack: Error: next() called multiple times
    at dispatch (D:\frontendworks\AMC\node_modules\koa-compose\index.js:36:45)
    at next (D:\frontendworks\AMC\node_modules\koa-compose\index.js:43:18)
    at app.use (D:\frontendworks\AMC\app.js:39:15)
    at <anonymous>
*************** error log end ***************

[2018-01-18T10:33:29.416] [ERROR] errorLogger - 
*************** error log start ***************
request method: GET
request originalUrl:  /favicon.ico
request client ip:  ::ffff:127.0.0.1
request query:  {}
response time: 0
err name: Error
err message: next() called multiple times
err stack: Error: next() called multiple times
    at dispatch (D:\frontendworks\AMC\node_modules\koa-compose\index.js:36:45)
    at next (D:\frontendworks\AMC\node_modules\koa-compose\index.js:43:18)
    at app.use (D:\frontendworks\AMC\app.js:39:15)
    at <anonymous>
*************** error log end ***************

