[2018-01-17T17:12:30.902] [ERROR] errorLogger - 
*************** error log start ***************
request method: GET
request originalUrl:  /
request client ip:  ::1
request query:  {}
response time: 406
err name: Error
err message: next() called multiple times
err stack: Error: next() called multiple times
    at dispatch (D:\frontendworks\AMC\node_modules\koa-compose\index.js:36:45)
    at next (D:\frontendworks\AMC\node_modules\koa-compose\index.js:43:18)
    at app.use (D:\frontendworks\AMC\app.js:38:15)
    at <anonymous>
*************** error log end ***************

[2018-01-17T17:29:44.290] [ERROR] errorLogger - 
*************** error log start ***************
request method: GET
request originalUrl:  /
request client ip:  ::1
request query:  {}
response time: 474
err name: Error
err message: next() called multiple times
err stack: Error: next() called multiple times
    at dispatch (D:\frontendworks\AMC\node_modules\koa-compose\index.js:36:45)
    at next (D:\frontendworks\AMC\node_modules\koa-compose\index.js:43:18)
    at app.use (D:\frontendworks\AMC\app.js:37:15)
    at <anonymous>
*************** error log end ***************

[2018-01-17T17:30:01.096] [ERROR] errorLogger - 
*************** error log start ***************
request method: GET
request originalUrl:  /api/users/getUser
request client ip:  ::1
request query:  {}
response time: 0
err name: Error
err message: next() called multiple times
err stack: Error: next() called multiple times
    at dispatch (D:\frontendworks\AMC\node_modules\koa-compose\index.js:36:45)
    at next (D:\frontendworks\AMC\node_modules\koa-compose\index.js:43:18)
    at app.use (D:\frontendworks\AMC\app.js:37:15)
    at <anonymous>
*************** error log end ***************

[2018-01-17T17:30:09.299] [ERROR] errorLogger - 
*************** error log start ***************
request method: GET
request originalUrl:  /users/getUser
request client ip:  ::1
request query:  {}
response time: 0
err name: Error
err message: next() called multiple times
err stack: Error: next() called multiple times
    at dispatch (D:\frontendworks\AMC\node_modules\koa-compose\index.js:36:45)
    at next (D:\frontendworks\AMC\node_modules\koa-compose\index.js:43:18)
    at app.use (D:\frontendworks\AMC\app.js:37:15)
    at <anonymous>
*************** error log end ***************

[2018-01-17T17:33:29.181] [ERROR] errorLogger - 
*************** error log start ***************
request method: GET
request originalUrl:  /users/getUser
request client ip:  ::1
request query:  {}
response time: 3
err name: Error
err message: next() called multiple times
err stack: Error: next() called multiple times
    at dispatch (D:\frontendworks\AMC\node_modules\koa-compose\index.js:36:45)
    at next (D:\frontendworks\AMC\node_modules\koa-compose\index.js:43:18)
    at app.use (D:\frontendworks\AMC\app.js:37:15)
    at <anonymous>
*************** error log end ***************

[2018-01-17T17:33:29.893] [ERROR] errorLogger - 
*************** error log start ***************
request method: GET
request originalUrl:  /users/getUser
request client ip:  ::1
request query:  {}
response time: 0
err name: Error
err message: next() called multiple times
err stack: Error: next() called multiple times
    at dispatch (D:\frontendworks\AMC\node_modules\koa-compose\index.js:36:45)
    at next (D:\frontendworks\AMC\node_modules\koa-compose\index.js:43:18)
    at app.use (D:\frontendworks\AMC\app.js:37:15)
    at <anonymous>
*************** error log end ***************

[2018-01-17T17:33:30.412] [ERROR] errorLogger - 
*************** error log start ***************
request method: GET
request originalUrl:  /users/getUser
request client ip:  ::1
request query:  {}
response time: 0
err name: Error
err message: next() called multiple times
err stack: Error: next() called multiple times
    at dispatch (D:\frontendworks\AMC\node_modules\koa-compose\index.js:36:45)
    at next (D:\frontendworks\AMC\node_modules\koa-compose\index.js:43:18)
    at app.use (D:\frontendworks\AMC\app.js:37:15)
    at <anonymous>
*************** error log end ***************

[2018-01-17T17:33:30.593] [ERROR] errorLogger - 
*************** error log start ***************
request method: GET
request originalUrl:  /users/getUser
request client ip:  ::1
request query:  {}
response time: 0
err name: Error
err message: next() called multiple times
err stack: Error: next() called multiple times
    at dispatch (D:\frontendworks\AMC\node_modules\koa-compose\index.js:36:45)
    at next (D:\frontendworks\AMC\node_modules\koa-compose\index.js:43:18)
    at app.use (D:\frontendworks\AMC\app.js:37:15)
    at <anonymous>
*************** error log end ***************

[2018-01-17T17:33:32.533] [ERROR] errorLogger - 
*************** error log start ***************
request method: GET
request originalUrl:  /
request client ip:  ::1
request query:  {}
response time: 372
err name: Error
err message: next() called multiple times
err stack: Error: next() called multiple times
    at dispatch (D:\frontendworks\AMC\node_modules\koa-compose\index.js:36:45)
    at next (D:\frontendworks\AMC\node_modules\koa-compose\index.js:43:18)
    at app.use (D:\frontendworks\AMC\app.js:37:15)
    at <anonymous>
*************** error log end ***************

[2018-01-17T17:33:35.123] [ERROR] errorLogger - 
*************** error log start ***************
request method: GET
request originalUrl:  /users/getUser
request client ip:  ::1
request query:  {}
response time: 1
err name: Error
err message: next() called multiple times
err stack: Error: next() called multiple times
    at dispatch (D:\frontendworks\AMC\node_modules\koa-compose\index.js:36:45)
    at next (D:\frontendworks\AMC\node_modules\koa-compose\index.js:43:18)
    at app.use (D:\frontendworks\AMC\app.js:37:15)
    at <anonymous>
*************** error log end ***************

[2018-01-17T17:50:10.285] [ERROR] errorLogger - 
*************** error log start ***************
request method: GET
request originalUrl:  /users/getUser
request client ip:  ::1
request query:  {}
response time: 1
err name: Error
err message: next() called multiple times
err stack: Error: next() called multiple times
    at dispatch (D:\frontendworks\AMC\node_modules\koa-compose\index.js:36:45)
    at next (D:\frontendworks\AMC\node_modules\koa-compose\index.js:43:18)
    at app.use (D:\frontendworks\AMC\app.js:38:15)
    at <anonymous>
*************** error log end ***************

[2018-01-17T17:50:14.115] [ERROR] errorLogger - 
*************** error log start ***************
request method: GET
request originalUrl:  /api/users/getUser
request client ip:  ::1
request query:  {}
response time: 0
err name: Error
err message: next() called multiple times
err stack: Error: next() called multiple times
    at dispatch (D:\frontendworks\AMC\node_modules\koa-compose\index.js:36:45)
    at next (D:\frontendworks\AMC\node_modules\koa-compose\index.js:43:18)
    at app.use (D:\frontendworks\AMC\app.js:38:15)
    at <anonymous>
*************** error log end ***************

[2018-01-17T17:50:17.522] [ERROR] errorLogger - 
*************** error log start ***************
request method: GET
request originalUrl:  /
request client ip:  ::1
request query:  {}
response time: 386
err name: Error
err message: next() called multiple times
err stack: Error: next() called multiple times
    at dispatch (D:\frontendworks\AMC\node_modules\koa-compose\index.js:36:45)
    at next (D:\frontendworks\AMC\node_modules\koa-compose\index.js:43:18)
    at app.use (D:\frontendworks\AMC\app.js:38:15)
    at <anonymous>
*************** error log end ***************

[2018-01-17T17:50:22.569] [ERROR] errorLogger - 
*************** error log start ***************
request method: GET
request originalUrl:  /api/users/getUser
request client ip:  ::1
request query:  {}
response time: 1
err name: Error
err message: next() called multiple times
err stack: Error: next() called multiple times
    at dispatch (D:\frontendworks\AMC\node_modules\koa-compose\index.js:36:45)
    at next (D:\frontendworks\AMC\node_modules\koa-compose\index.js:43:18)
    at app.use (D:\frontendworks\AMC\app.js:38:15)
    at <anonymous>
*************** error log end ***************

[2018-01-17T17:50:58.866] [ERROR] errorLogger - 
*************** error log start ***************
request method: GET
request originalUrl:  /api/users/getUser
request client ip:  ::1
request query:  {}
response time: 0
err name: Error
err message: next() called multiple times
err stack: Error: next() called multiple times
    at dispatch (D:\frontendworks\AMC\node_modules\koa-compose\index.js:36:45)
    at next (D:\frontendworks\AMC\node_modules\koa-compose\index.js:43:18)
    at app.use (D:\frontendworks\AMC\app.js:38:15)
    at <anonymous>
*************** error log end ***************

[2018-01-17T17:51:01.665] [ERROR] errorLogger - 
*************** error log start ***************
request method: GET
request originalUrl:  /users/getUser
request client ip:  ::1
request query:  {}
response time: 0
err name: Error
err message: next() called multiple times
err stack: Error: next() called multiple times
    at dispatch (D:\frontendworks\AMC\node_modules\koa-compose\index.js:36:45)
    at next (D:\frontendworks\AMC\node_modules\koa-compose\index.js:43:18)
    at app.use (D:\frontendworks\AMC\app.js:38:15)
    at <anonymous>
*************** error log end ***************

[2018-01-17T17:51:11.525] [ERROR] errorLogger - 
*************** error log start ***************
request method: GET
request originalUrl:  /users/getUser
request client ip:  ::1
request query:  {}
response time: 2
err name: Error
err message: next() called multiple times
err stack: Error: next() called multiple times
    at dispatch (D:\frontendworks\AMC\node_modules\koa-compose\index.js:36:45)
    at next (D:\frontendworks\AMC\node_modules\koa-compose\index.js:43:18)
    at app.use (D:\frontendworks\AMC\app.js:37:15)
    at <anonymous>
*************** error log end ***************

[2018-01-17T17:51:18.594] [ERROR] errorLogger - 
*************** error log start ***************
request method: GET
request originalUrl:  /users/getUser
request client ip:  ::1
request query:  {}
response time: 0
err name: Error
err message: next() called multiple times
err stack: Error: next() called multiple times
    at dispatch (D:\frontendworks\AMC\node_modules\koa-compose\index.js:36:45)
    at next (D:\frontendworks\AMC\node_modules\koa-compose\index.js:43:18)
    at app.use (D:\frontendworks\AMC\app.js:37:15)
    at <anonymous>
*************** error log end ***************

[2018-01-17T17:51:22.788] [ERROR] errorLogger - 
*************** error log start ***************
request method: GET
request originalUrl:  /users/getUser
request client ip:  ::1
request query:  {}
response time: 0
err name: Error
err message: next() called multiple times
err stack: Error: next() called multiple times
    at dispatch (D:\frontendworks\AMC\node_modules\koa-compose\index.js:36:45)
    at next (D:\frontendworks\AMC\node_modules\koa-compose\index.js:43:18)
    at app.use (D:\frontendworks\AMC\app.js:37:15)
    at <anonymous>
*************** error log end ***************

[2018-01-17T17:51:23.138] [ERROR] errorLogger - 
*************** error log start ***************
request method: GET
request originalUrl:  /users/getUser
request client ip:  ::1
request query:  {}
response time: 0
err name: Error
err message: next() called multiple times
err stack: Error: next() called multiple times
    at dispatch (D:\frontendworks\AMC\node_modules\koa-compose\index.js:36:45)
    at next (D:\frontendworks\AMC\node_modules\koa-compose\index.js:43:18)
    at app.use (D:\frontendworks\AMC\app.js:37:15)
    at <anonymous>
*************** error log end ***************

[2018-01-17T17:51:28.141] [ERROR] errorLogger - 
*************** error log start ***************
request method: GET
request originalUrl:  /users/getUser
request client ip:  ::1
request query:  {}
response time: 0
err name: Error
err message: next() called multiple times
err stack: Error: next() called multiple times
    at dispatch (D:\frontendworks\AMC\node_modules\koa-compose\index.js:36:45)
    at next (D:\frontendworks\AMC\node_modules\koa-compose\index.js:43:18)
    at app.use (D:\frontendworks\AMC\app.js:37:15)
    at <anonymous>
*************** error log end ***************

